Array
(
    [products] => Array
        (
            [0] => Array
                (
                    [id] => 2
                    [product_name] => azerf
                    [price] => 405
                    [quantity] => 1
                )

        )

)
Array
(
    [products] => Array
        (
            [0] => Array
                (
                    [id] => 2
                    [product_name] => azerf
                    [price] => 405
                    [quantity] => 3
                )

        )

)
Array
(
    [products] => Array
        (
            [0] => Array
                (
                    [id] => 2
                    [product_name] => azerf
                    [price] => 405
                    [quantity] => 1
                )

        )

)
Array
(
    [products] => Array
        (
            [0] => Array
                (
                    [id] => 2
                    [product_name] => azerf
                    [price] => 405
                    [quantity] => 1
                )

        )

)
Array
(
    [products] => Array
        (
            [0] => Array
                (
                    [id] => 2
                    [product_name] => azerf
                    [price] => 405
                    [quantity] => 1
                )

        )

)
Array
(
    [products] => Array
        (
            [0] => Array
                (
                    [id] => 2
                    [product_name] => azerf
                    [price] => 405
                    [quantity] => 1
                )

        )

)
Array
(
    [products] => Array
        (
            [0] => Array
                (
                    [id] => 2
                    [product_name] => azerf
                    [price] => 405
                    [quantity] => 3
                )

        )

)
Array
(
    [products] => Array
        (
            [0] => Array
                (
                    [id] => 2
                    [product_name] => azerf
                    [price] => 405
                    [quantity] => 3
                )

        )

)
Array
(
    [products] => Array
        (
            [0] => Array
                (
                    [id] => 2
                    [product_name] => azerf
                    [price] => 405
                    [quantity] => 3
                )

        )

)
Array
(
    [products] => Array
        (
            [0] => Array
                (
                    [id] => 2
                    [product_name] => azerf
                    [price] => 405
                    [quantity] => 3
                )

        )

)
Array
(
    [products] => Array
        (
            [0] => Array
                (
                    [id] => 2
                    [product_name] => azerf
                    [price] => 405
                    [quantity] => 1
                )

        )

)
Array
(
    [products] => Array
        (
            [0] => Array
                (
                    [id] => 2
                    [product_name] => azerf
                    [price] => 405
                    [quantity] => 1
                )

        )

)
Array
(
    [products] => Array
        (
            [0] => Array
                (
                    [id] => 2
                    [product_name] => azerf
                    [price] => 405
                    [quantity] => 1
                )

        )

)
Incoming data: Array
(
    [products] => Array
        (
            [0] => Array
                (
                    [id] => 2
                    [product_name] => azerf
                    [price] => 405
                    [quantity] => 1
                )

        )

)
Incoming data: Array
(
    [products] => Array
        (
            [0] => Array
                (
                    [id] => 2
                    [product_name] => azerf
                    [price] => 405
                    [quantity] => 1
                )

        )

)
Incoming data: Array
(
    [products] => Array
        (
            [0] => Array
                (
                    [id] => 2
                    [product_name] => azerf
                    [price] => 405
                    [quantity] => 1
                )

        )

)
Incoming data: Array
(
    [products] => Array
        (
            [0] => Array
                (
                    [id] => 2
                    [product_name] => azerf
                    [price] => 405
                    [quantity] => 1
                )

        )

)
Incoming data: Array
(
    [products] => Array
        (
            [0] => Array
                (
                    [id] => 2
                    [product_name] => azerf
                    [price] => 405
                    [quantity] => 1
                )

        )

)
Incoming data: Array
(
    [products] => Array
        (
            [0] => Array
                (
                    [id] => 2
                    [product_name] => azerf
                    [price] => 405
                    [quantity] => 1
                )

        )

)
