[02-Oct-2024 23:06:28 Europe/Berlin] PHP Warning:  Undefined property: OrderCrud::$orderModel in C:\xampp\htdocs\project\app\controllers\OrderCrud.php on line 28
[02-Oct-2024 23:06:28 Europe/Berlin] PHP Fatal error:  Uncaught Error: Call to a member function createOrder() on null in C:\xampp\htdocs\project\app\controllers\OrderCrud.php:28
Stack trace:
#0 C:\xampp\htdocs\project\public\place_order.php(36): OrderCrud->createOrder(6, Array, 'pending', '')
#1 {main}
  thrown in C:\xampp\htdocs\project\app\controllers\OrderCrud.php on line 28
[02-Oct-2024 23:08:32 Europe/Berlin] PHP Fatal error:  Uncaught ArgumentCountError: Too few arguments to function OrderCrud::__construct(), 1 passed in C:\xampp\htdocs\project\public\place_order.php on line 20 and exactly 2 expected in C:\xampp\htdocs\project\app\controllers\OrderCrud.php:8
Stack trace:
#0 C:\xampp\htdocs\project\public\place_order.php(20): OrderCrud->__construct(Object(PDO))
#1 {main}
  thrown in C:\xampp\htdocs\project\app\controllers\OrderCrud.php on line 8
[02-Oct-2024 23:34:05 Europe/Berlin] PHP Fatal error:  Uncaught ArgumentCountError: Too few arguments to function OrderCrud::__construct(), 1 passed in C:\xampp\htdocs\project\public\place_order.php on line 20 and exactly 2 expected in C:\xampp\htdocs\project\app\controllers\OrderCrud.php:8
Stack trace:
#0 C:\xampp\htdocs\project\public\place_order.php(20): OrderCrud->__construct(Object(PDO))
#1 {main}
  thrown in C:\xampp\htdocs\project\app\controllers\OrderCrud.php on line 8
[02-Oct-2024 23:35:35 Europe/Berlin] PHP Fatal error:  Uncaught ArgumentCountError: Too few arguments to function OrderCrud::__construct(), 1 passed in C:\xampp\htdocs\project\public\place_order.php on line 20 and exactly 2 expected in C:\xampp\htdocs\project\app\controllers\OrderCrud.php:8
Stack trace:
#0 C:\xampp\htdocs\project\public\place_order.php(20): OrderCrud->__construct(Object(PDO))
#1 {main}
  thrown in C:\xampp\htdocs\project\app\controllers\OrderCrud.php on line 8
[02-Oct-2024 23:36:40 Europe/Berlin] PHP Warning:  Undefined property: OrderCrud::$orderModel in C:\xampp\htdocs\project\app\controllers\OrderCrud.php on line 28
[02-Oct-2024 23:36:40 Europe/Berlin] PHP Fatal error:  Uncaught Error: Call to a member function createOrder() on null in C:\xampp\htdocs\project\app\controllers\OrderCrud.php:28
Stack trace:
#0 C:\xampp\htdocs\project\public\place_order.php(28): OrderCrud->createOrder(6, Array, 'pending', '')
#1 {main}
  thrown in C:\xampp\htdocs\project\app\controllers\OrderCrud.php on line 28
[02-Oct-2024 23:39:22 Europe/Berlin] PHP Deprecated:  Creation of dynamic property OrderCrud::$orderModel is deprecated in C:\xampp\htdocs\project\app\controllers\OrderCrud.php on line 11
[02-Oct-2024 23:39:22 Europe/Berlin] PHP Warning:  Undefined variable $status in C:\xampp\htdocs\project\app\controllers\OrderCrud.php on line 29
[02-Oct-2024 23:41:06 Europe/Berlin] PHP Warning:  Undefined variable $status in C:\xampp\htdocs\project\app\controllers\OrderCrud.php on line 29
